#
# There is insufficient memory for the Java Runtime Environment to continue.
# Native memory allocation (malloc) failed to allocate 1048576 bytes for AllocateHeap
# Possible reasons:
#   The system is out of physical RAM or swap space
#   In 32 bit mode, the process size limit was hit
# Possible solutions:
#   Reduce memory load on the system
#   Increase physical memory or swap space
#   Check if swap backing store is full
#   Use 64 bit Java on a 64 bit OS
#   Decrease Java heap size (-Xmx/-Xms)
#   Decrease number of Java threads
#   Decrease Java thread stack sizes (-Xss)
#   Set larger code cache with -XX:ReservedCodeCacheSize=
# This output file may be truncated or incomplete.
#
#  Out of Memory Error (memory/allocation.inline.hpp:61), pid=14568, tid=0x0000000000001604
#
# JRE version:  (8.0_171-b11) (build )
# Java VM: Java HotSpot(TM) 64-Bit Server VM (25.171-b11 mixed mode windows-amd64 compressed oops)
# Failed to write core dump. Minidumps are not enabled by default on client versions of Windows
#

---------------  T H R E A D  ---------------

Current thread (0x0000000002dfe000):  JavaThread "Unknown thread" [_thread_in_vm, id=5636, stack(0x0000000002f50000,0x0000000003050000)]

Stack: [0x0000000002f50000,0x0000000003050000]
[error occurred during error reporting (printing stack bounds), id 0xc0000005]

Native frames: (J=compiled Java code, j=interpreted, Vv=VM code, C=native code)


---------------  P R O C E S S  ---------------

Java Threads: ( => current thread )

Other Threads:

=>0x0000000002dfe000 (exited) JavaThread "Unknown thread" [_thread_in_vm, id=5636, stack(0x0000000002f50000,0x0000000003050000)]

VM state:not at safepoint (normal execution)

VM Mutex/Monitor currently owned by a thread: None

Heap:
 PSYoungGen      total 38400K, used 665K [0x00000000d5b80000, 0x00000000d8600000, 0x0000000100000000)
  eden space 33280K, 2% used [0x00000000d5b80000,0x00000000d5c26670,0x00000000d7c00000)
  from space 5120K, 0% used [0x00000000d8100000,0x00000000d8100000,0x00000000d8600000)
  to   space 5120K, 0% used [0x00000000d7c00000,0x00000000d7c00000,0x00000000d8100000)
 ParOldGen       total 87552K, used 0K [0x0000000081200000, 0x0000000086780000, 0x00000000d5b80000)
  object space 87552K, 0% used [0x0000000081200000,0x0000000081200000,0x0000000086780000)
 Metaspace       used 750K, capacity 4480K, committed 4480K, reserved 1056768K
  class space    used 76K, capacity 384K, committed 384K, reserved 1048576K

Card table byte_map: [0x0000000012510000,0x0000000012910000] byte_map_base: 0x0000000012107000

Marking Bits: (ParMarkBitMap*) 0x000000006edf08c0
 Begin Bits: [0x0000000012fc0000, 0x0000000014f78000)
 End Bits:   [0x0000000014f78000, 0x0000000016f30000)

Polling page: 0x0000000001150000

CodeCache: size=245760Kb used=328Kb max_used=328Kb free=245431Kb
 bounds [0x0000000003150000, 0x00000000033c0000, 0x0000000012150000]
 total_blobs=58 nmethods=0 adapters=38
 compilation: enabled

Compilation events (0 events):
No events

GC Heap History (0 events):
No events

Deoptimization events (0 events):
No events

Classes redefined (0 events):
No events

Internal exceptions (0 events):
No events

Events (10 events):
Event: 0.015 loading class java/lang/Short
Event: 0.015 loading class java/lang/Short done
Event: 0.015 loading class java/lang/Integer
Event: 0.015 loading class java/lang/Integer done
Event: 0.015 loading class java/lang/Long
Event: 0.015 loading class java/lang/Long done
Event: 0.015 loading class java/lang/NullPointerException
Event: 0.016 loading class java/lang/NullPointerException done
Event: 0.016 loading class java/lang/ArithmeticException
Event: 0.016 loading class java/lang/ArithmeticException done


Dynamic libraries:
0x00007ff74f020000 - 0x00007ff74f057000 	C:\Program Files\Java\jre1.8.0_171\bin\javaw.exe
0x00007ffc7e050000 - 0x00007ffc7e231000 	C:\WINDOWS\SYSTEM32\ntdll.dll
0x00007ffc7b4e0000 - 0x00007ffc7b592000 	C:\WINDOWS\System32\KERNEL32.DLL
0x00007ffc7b010000 - 0x00007ffc7b283000 	C:\WINDOWS\System32\KERNELBASE.dll
0x00007ffc7d3c0000 - 0x00007ffc7d461000 	C:\WINDOWS\System32\ADVAPI32.dll
0x00007ffc7dac0000 - 0x00007ffc7db5e000 	C:\WINDOWS\System32\msvcrt.dll
0x00007ffc7bce0000 - 0x00007ffc7bd3b000 	C:\WINDOWS\System32\sechost.dll
0x00007ffc7d800000 - 0x00007ffc7d924000 	C:\WINDOWS\System32\RPCRT4.dll
0x00007ffc7d930000 - 0x00007ffc7dac0000 	C:\WINDOWS\System32\USER32.dll
0x00007ffc7aff0000 - 0x00007ffc7b010000 	C:\WINDOWS\System32\win32u.dll
0x00007ffc7d1e0000 - 0x00007ffc7d208000 	C:\WINDOWS\System32\GDI32.dll
0x00007ffc7ae00000 - 0x00007ffc7af92000 	C:\WINDOWS\System32\gdi32full.dll
0x00007ffc7ad60000 - 0x00007ffc7adff000 	C:\WINDOWS\System32\msvcp_win.dll
0x00007ffc7ac60000 - 0x00007ffc7ad5a000 	C:\WINDOWS\System32\ucrtbase.dll
0x00007ffc6e640000 - 0x00007ffc6e8a9000 	C:\WINDOWS\WinSxS\amd64_microsoft.windows.common-controls_6595b64144ccf1df_6.0.17134.228_none_fb4599993062b194\COMCTL32.dll
0x00007ffc7d4d0000 - 0x00007ffc7d7f3000 	C:\WINDOWS\System32\combase.dll
0x00007ffc7a4d0000 - 0x00007ffc7a54a000 	C:\WINDOWS\System32\bcryptPrimitives.dll
0x00007ffc7d210000 - 0x00007ffc7d23d000 	C:\WINDOWS\System32\IMM32.DLL
0x0000000072950000 - 0x0000000072a22000 	C:\Program Files\Java\jre1.8.0_171\bin\msvcr100.dll
0x000000006e5d0000 - 0x000000006ee70000 	C:\Program Files\Java\jre1.8.0_171\bin\server\jvm.dll
0x00007ffc7b7e0000 - 0x00007ffc7b7e8000 	C:\WINDOWS\System32\PSAPI.DLL
0x00007ffc76b70000 - 0x00007ffc76b93000 	C:\WINDOWS\SYSTEM32\WINMM.dll
0x00007ffc76ba0000 - 0x00007ffc76ba9000 	C:\WINDOWS\SYSTEM32\WSOCK32.dll
0x00007ffc7dbc0000 - 0x00007ffc7dc2c000 	C:\WINDOWS\System32\WS2_32.dll
0x00007ffc74b30000 - 0x00007ffc74b3a000 	C:\WINDOWS\SYSTEM32\VERSION.dll
0x00007ffc76b40000 - 0x00007ffc76b6a000 	C:\WINDOWS\SYSTEM32\WINMMBASE.dll
0x00007ffc7afa0000 - 0x00007ffc7afe9000 	C:\WINDOWS\System32\cfgmgr32.dll
0x0000000073cc0000 - 0x0000000073ccf000 	C:\Program Files\Java\jre1.8.0_171\bin\verify.dll
0x0000000073c90000 - 0x0000000073cb9000 	C:\Program Files\Java\jre1.8.0_171\bin\java.dll
0x0000000073c70000 - 0x0000000073c86000 	C:\Program Files\Java\jre1.8.0_171\bin\zip.dll

VM Arguments:
jvm_args: -Dfile.encoding=Cp1252 
java_command: onepointone
java_class_path (initial): C:\Program Files\Java\jre1.8.0_171\lib\resources.jar;C:\Program Files\Java\jre1.8.0_171\lib\rt.jar;C:\Program Files\Java\jre1.8.0_171\lib\jsse.jar;C:\Program Files\Java\jre1.8.0_171\lib\jce.jar;C:\Program Files\Java\jre1.8.0_171\lib\charsets.jar;C:\Program Files\Java\jre1.8.0_171\lib\jfr.jar;C:\Program Files\Java\jre1.8.0_171\lib\ext\access-bridge-64.jar;C:\Program Files\Java\jre1.8.0_171\lib\ext\cldrdata.jar;C:\Program Files\Java\jre1.8.0_171\lib\ext\dnsns.jar;C:\Program Files\Java\jre1.8.0_171\lib\ext\jaccess.jar;C:\Program Files\Java\jre1.8.0_171\lib\ext\jfxrt.jar;C:\Program Files\Java\jre1.8.0_171\lib\ext\localedata.jar;C:\Program Files\Java\jre1.8.0_171\lib\ext\nashorn.jar;C:\Program Files\Java\jre1.8.0_171\lib\ext\sunec.jar;C:\Program Files\Java\jre1.8.0_171\lib\ext\sunjce_provider.jar;C:\Program Files\Java\jre1.8.0_171\lib\ext\sunmscapi.jar;C:\Program Files\Java\jre1.8.0_171\lib\ext\sunpkcs11.jar;C:\Program Files\Java\jre1.8.0_171\lib\ext\zipfs.jar;C:\Users\Aaron\eclipse-workspace\CS Class\bin
Launcher Type: SUN_STANDARD

Environment Variables:
PATH=C:/Program Files/Java/jre1.8.0_171/bin/server;C:/Program Files/Java/jre1.8.0_171/bin;C:/Program Files/Java/jre1.8.0_171/lib/amd64;C:\Program Files (x86)\Common Files\Oracle\Java\javapath;C:\ProgramData\Oracle\Java\javapath;C:\Python27\;C:\Python27\Scripts;C:\Program Files (x86)\NVIDIA Corporation\PhysX\Common;C:\WINDOWS\system32;C:\WINDOWS;C:\WINDOWS\System32\Wbem;C:\WINDOWS\System32\WindowsPowerShell\v1.0\;C:\Program Files (x86)\Livestreamer;C:\Program Files (x86)\GtkSharp\2.12\bin;C:\Program Files\dotnet\;C:\WINDOWS\System32\OpenSSH\;C:\Users\Aaron\AppData\Local\Microsoft\WindowsApps;;C:\WINDOWS\system32;
USERNAME=Aaron
OS=Windows_NT
PROCESSOR_IDENTIFIER=Intel64 Family 6 Model 60 Stepping 3, GenuineIntel



---------------  S Y S T E M  ---------------

OS: Windows 10.0 , 64 bit Build 17134 (10.0.17134.1)

CPU:total 4 (initial active 4) (4 cores per cpu, 1 threads per core) family 6 model 60 stepping 3, cmov, cx8, fxsr, mmx, sse, sse2, sse3, ssse3, sse4.1, sse4.2, popcnt, avx, avx2, aes, clmul, erms, lzcnt, tsc, tscinvbit, bmi1, bmi2

Memory: 4k page, physical 8314360k(1202564k free), swap 16700944k(6104k free)

vm_info: Java HotSpot(TM) 64-Bit Server VM (25.171-b11) for windows-amd64 JRE (1.8.0_171-b11), built on Mar 28 2018 16:06:12 by "java_re" with MS VC++ 10.0 (VS2010)

time: Fri Aug 31 19:07:46 2018
elapsed time: 0 seconds (0d 0h 0m 0s)

